<?xml version="1.0" encoding="UTF-8"?>
<!-- Generated by org.testng.reporters.JUnitReportReporter -->
<testsuite hostname="bharadwajg-ltw" name="tablesProject" tests="1" failures="0" timestamp="15 Mar 2020 20:45:53 GMT" time="13.914" errors="0">
  <testcase name="copyingTableContentToExcel" time="13.914" classname="tablesProject"/>
</testsuite> <!-- tablesProject -->
