<?xml version="1.0" encoding="UTF-8"?>
<!-- Generated by org.testng.reporters.JUnitReportReporter -->
<testsuite hostname="bharadwajg-ltw" name="com.PracticeNoOffice.Test.tablesProject" tests="1" failures="0" timestamp="16 Mar 2020 03:27:39 GMT" time="38.775" errors="0">
  <testcase name="copyingTableContentToExcel" time="38.775" classname="com.PracticeNoOffice.Test.tablesProject"/>
</testsuite> <!-- com.PracticeNoOffice.Test.tablesProject -->
