<?xml version="1.0" encoding="UTF-8"?>
<!-- Generated by org.testng.reporters.JUnitReportReporter -->
<testsuite hostname="bharadwajg-ltw" name="testingProject" tests="1" failures="0" timestamp="15 Mar 2020 18:46:52 GMT" time="34.979" errors="0">
  <testcase name="CausualDressesSorting" time="34.979" classname="testingProject"/>
</testsuite> <!-- testingProject -->
