<?xml version="1.0" encoding="UTF-8"?>
<!-- Generated by org.testng.reporters.JUnitReportReporter -->
<testsuite hostname="bharadwajg-ltw" name="com.nooffice.testingProjects.tablesProject" tests="1" failures="0" timestamp="16 Mar 2020 06:59:22 GMT" time="15.493" errors="0">
  <testcase name="copyingTableContentToExcel" time="15.493" classname="com.nooffice.testingProjects.tablesProject"/>
</testsuite> <!-- com.nooffice.testingProjects.tablesProject -->
